<?xml version="1.0" encoding="UTF-8"?>
<!-- Generated by org.testng.reporters.JUnitReportReporter -->
<testsuite skipped="0" hostname="LAPTOP-G6UDBGU4" name="StepDefinitions.TestRunner" tests="3" failures="0" timestamp="27 Oct 2022 17:40:45 GMT" time="68.325" errors="0">
  <testcase name="runScenario" time="24.831" classname="StepDefinitions.TestRunner"/>
  <testcase name="runScenario" time="28.520" classname="StepDefinitions.TestRunner"/>
  <testcase name="runScenario" time="14.974" classname="StepDefinitions.TestRunner"/>
</testsuite> <!-- StepDefinitions.TestRunner -->
