<?xml version="1.0" encoding="UTF-8"?>
<!-- Generated by org.testng.reporters.JUnitReportReporter -->
<testsuite skipped="0" hostname="LAPTOP-G6UDBGU4" name="StepDefinitions.TestRunner" tests="3" failures="0" timestamp="27 Oct 2022 17:13:42 GMT" time="50.484" errors="0">
  <testcase name="runScenario" time="11.842" classname="StepDefinitions.TestRunner"/>
  <testcase name="runScenario" time="23.698" classname="StepDefinitions.TestRunner"/>
  <testcase name="runScenario" time="14.944" classname="StepDefinitions.TestRunner"/>
</testsuite> <!-- StepDefinitions.TestRunner -->
