<?xml version="1.0" encoding="UTF-8"?>
<!-- Generated by org.testng.reporters.JUnitReportReporter -->
<testsuite skipped="0" hostname="LAPTOP-G6UDBGU4" name="API.GetData" tests="3" failures="0" timestamp="27 Oct 2022 17:38:44 GMT" time="1.812" errors="0">
  <testcase name="testGet1" time="1.579" classname="API.GetData"/>
  <testcase name="testGet5" time="0.116" classname="API.GetData"/>
  <testcase name="testGet20" time="0.117" classname="API.GetData"/>
</testsuite> <!-- API.GetData -->
