<?xml version="1.0" encoding="UTF-8"?>
<!-- Generated by org.testng.reporters.JUnitReportReporter -->
<testsuite skipped="0" hostname="LAPTOP-G6UDBGU4" name="API.JSONSchema" tests="1" failures="0" timestamp="27 Oct 2022 17:39:20 GMT" time="3.152" errors="0">
  <testcase name="validateJSONSchema" time="3.152" classname="API.JSONSchema"/>
</testsuite> <!-- API.JSONSchema -->
